#
# A fatal error has been detected by the Java Runtime Environment:
#
#  Internal Error (javaClasses.cpp:136), pid=4936, tid=760
#  fatal error: Invalid layout of preloaded class
#
# JRE version:  (7.0_75-b13) (build )
# Java VM: Java HotSpot(TM) Client VM (24.75-b04 mixed mode windows-x86 )
# Failed to write core dump. Minidumps are not enabled by default on client versions of Windows
#
# If you would like to submit a bug report, please visit:
#   http://bugreport.sun.com/bugreport/crash.jsp
#

---------------  T H R E A D  ---------------

Current thread (0x0027c000):  JavaThread "Unknown thread" [_thread_in_vm, id=760, stack(0x02200000,0x02250000)]

Stack: [0x02200000,0x02250000],  sp=0x0224f510,  free space=317k
Native frames: (J=compiled Java code, j=interpreted, Vv=VM code, C=native code)
V  [jvm.dll+0x191164]
V  [jvm.dll+0x18ad96]
V  [jvm.dll+0x35cb0]
V  [jvm.dll+0x35d36]
V  [jvm.dll+0x4454d]
V  [jvm.dll+0x4480e]
V  [jvm.dll+0x9384a]
V  [jvm.dll+0x93bfb]
V  [jvm.dll+0x140851]
V  [jvm.dll+0x16337c]
V  [jvm.dll+0xca74f]
C  [javaw.exe+0x13ce]
C  [javaw.exe+0x1e40]
C  [javaw.exe+0xa601]
C  [javaw.exe+0xa68b]
C  [kernel32.dll+0x1338a]
C  [ntdll.dll+0x3bf32]
C  [ntdll.dll+0x3bf05]


---------------  P R O C E S S  ---------------

Java Threads: ( => current thread )

Other Threads:

=>0x0027c000 (exited) JavaThread "Unknown thread" [_thread_in_vm, id=760, stack(0x02200000,0x02250000)]

VM state:not at safepoint (not fully initialized)

VM Mutex/Monitor currently owned by a thread: None

GC Heap History (0 events):
No events

Deoptimization events (0 events):
No events

Internal exceptions (0 events):
No events

Events (10 events):
Event: 0.018 loading class 0x020b8a90
Event: 0.018 loading class 0x020b8a90 done
Event: 0.018 loading class 0x020b8ad0
Event: 0.019 loading class 0x020b9060
Event: 0.019 loading class 0x020b9060 done
Event: 0.019 loading class 0x020bec70
Event: 0.019 loading class 0x020bec70 done
Event: 0.019 loading class 0x020b8ad0 done
Event: 0.019 loading class 0x020b8ab0
Event: 0.019 loading class 0x020b8ab0 done


Dynamic libraries:
0x00960000 - 0x0098f000 	C:\Program Files (x86)\Java\jre7\bin\javaw.exe
0x77d60000 - 0x77ee0000 	C:\Windows\SysWOW64\ntdll.dll
0x776e0000 - 0x777f0000 	C:\Windows\syswow64\kernel32.dll
0x76500000 - 0x76547000 	C:\Windows\syswow64\KERNELBASE.dll
0x771a0000 - 0x77241000 	C:\Windows\syswow64\ADVAPI32.dll
0x77020000 - 0x770cc000 	C:\Windows\syswow64\msvcrt.dll
0x76b60000 - 0x76b79000 	C:\Windows\SysWOW64\sechost.dll
0x76e40000 - 0x76f30000 	C:\Windows\syswow64\RPCRT4.dll
0x75780000 - 0x757e0000 	C:\Windows\syswow64\SspiCli.dll
0x75770000 - 0x7577c000 	C:\Windows\syswow64\CRYPTBASE.dll
0x76d40000 - 0x76e40000 	C:\Windows\syswow64\USER32.dll
0x77890000 - 0x77920000 	C:\Windows\syswow64\GDI32.dll
0x77180000 - 0x7718a000 	C:\Windows\syswow64\LPK.dll
0x770e0000 - 0x7717d000 	C:\Windows\syswow64\USP10.dll
0x74ea0000 - 0x7503e000 	C:\Windows\WinSxS\x86_microsoft.windows.common-controls_6595b64144ccf1df_6.0.7601.17514_none_41e6975e2bd6f2b2\COMCTL32.dll
0x76fc0000 - 0x77017000 	C:\Windows\syswow64\SHLWAPI.dll
0x76980000 - 0x769e0000 	C:\Windows\system32\IMM32.DLL
0x76810000 - 0x768dc000 	C:\Windows\syswow64\MSCTF.dll
0x73e70000 - 0x73f2f000 	C:\Program Files (x86)\Java\jre7\bin\msvcr100.dll
0x739d0000 - 0x73d59000 	C:\Program Files (x86)\Java\jre7\bin\client\jvm.dll
0x750b0000 - 0x750b7000 	C:\Windows\system32\WSOCK32.dll
0x76b10000 - 0x76b45000 	C:\Windows\syswow64\WS2_32.dll
0x77530000 - 0x77536000 	C:\Windows\syswow64\NSI.dll
0x75070000 - 0x750a2000 	C:\Windows\system32\WINMM.dll
0x770d0000 - 0x770d5000 	C:\Windows\syswow64\PSAPI.DLL
0x75520000 - 0x7552c000 	C:\Program Files (x86)\Java\jre7\bin\verify.dll
0x75500000 - 0x75520000 	C:\Program Files (x86)\Java\jre7\bin\java.dll
0x754e0000 - 0x754f3000 	C:\Program Files (x86)\Java\jre7\bin\zip.dll
0x73150000 - 0x7323b000 	C:\Windows\system32\dbghelp.dll

VM Arguments:
jvm_args: -Dfile.encoding=Cp1252 -Xbootclasspath:C:\Program Files (x86)\leJOS NXJ\lib\nxt\classes.jar 
java_command: mineMapping.Shit
Launcher Type: SUN_STANDARD

Environment Variables:
PATH=C:/Program Files (x86)/Java/jre7/bin/client;C:/Program Files (x86)/Java/jre7/bin;C:/Program Files (x86)/Java/jre7/lib/i386;C:\Program Files\Common Files\Microsoft Shared\Windows Live;C:\Program Files (x86)\Common Files\Microsoft Shared\Windows Live;C:\Windows\system32;C:\Windows;C:\Windows\System32\Wbem;C:\Windows\System32\WindowsPowerShell\v1.0\;C:\Program Files (x86)\Windows Live\Shared;C:\Program Files (x86)\IVI Foundation\VISA\WinNT\Bin;C:\Program Files (x86)\Mozilla Firefox;C:\Program Files (x86)\QuickTime\QTSystem\;C:\Program Files (x86)\leJOS NXJ\bin;C:\Users\60129\Desktop\eclipse;
USERNAME=60129
OS=Windows_NT
PROCESSOR_IDENTIFIER=Intel64 Family 6 Model 42 Stepping 7, GenuineIntel



---------------  S Y S T E M  ---------------

OS: Windows 7 , 64 bit Build 7601 Service Pack 1

CPU:total 4 (4 cores per cpu, 1 threads per core) family 6 model 42 stepping 7, cmov, cx8, fxsr, mmx, sse, sse2, sse3, ssse3, sse4.1, sse4.2, popcnt, avx, aes, tsc, tscinvbit

Memory: 4k page, physical 4072500k(2402456k free), swap 8143144k(6286340k free)

vm_info: Java HotSpot(TM) Client VM (24.75-b04) for windows-x86 JRE (1.7.0_75-b13), built on Dec 18 2014 17:06:46 by "java_re" with unknown MS VC++:1600

time: Mon May 11 13:02:22 2015
elapsed time: 0 seconds

